февр. 19, 2023 9:24:29 PM org.apache.coyote.AbstractProtocol init
INFO: Initializing ProtocolHandler ["http-nio-auto-1"]
февр. 19, 2023 9:24:29 PM org.apache.tomcat.util.net.NioSelectorPool getSharedSelector
INFO: Using a shared selector for servlet write/read
февр. 19, 2023 9:24:29 PM org.apache.catalina.core.StandardService startInternal
INFO: Starting service [Tomcat]
февр. 19, 2023 9:24:29 PM org.apache.catalina.core.StandardEngine startInternal
INFO: Starting Servlet engine: [Apache Tomcat/8.5.69]
февр. 19, 2023 9:24:29 PM org.apache.coyote.AbstractProtocol start
INFO: Starting ProtocolHandler ["http-nio-auto-1-8958"]
февр. 19, 2023 9:24:30 PM exercise.servlet.SessionServlet login
INFO: User lavern.keeling@gmail.com try to login.
февр. 19, 2023 9:24:30 PM exercise.servlet.SessionServlet login
INFO: User shoshana.haley@hotmail.com try to login.
февр. 19, 2023 9:24:30 PM exercise.servlet.SessionServlet login
INFO: User suzann.barrows@hotmail.com try to login.
февр. 19, 2023 9:24:30 PM exercise.servlet.SessionServlet login
INFO: User lavern.keeling@gmail.com try to login.
февр. 19, 2023 9:24:30 PM exercise.servlet.SessionServlet login
INFO: User lavern.keeling@gmail.com try to login.
февр. 19, 2023 9:24:30 PM exercise.servlet.SessionServlet login
INFO: User lavern.keeling@gmail.com try to login.
февр. 19, 2023 9:24:30 PM org.apache.coyote.AbstractProtocol pause
INFO: Pausing ProtocolHandler ["http-nio-auto-1-8958"]
февр. 19, 2023 9:24:30 PM org.apache.catalina.core.StandardService stopInternal
INFO: Stopping service [Tomcat]
февр. 19, 2023 9:24:30 PM org.apache.coyote.AbstractProtocol stop
INFO: Stopping ProtocolHandler ["http-nio-auto-1-8958"]
